<?xml version="1.0" encoding="UTF-8"?>
<!-- Generated by org.testng.reporters.JUnitXMLReporter -->
<testsuite ignored="0" hostname="anish-Latitude-3510" failures="1" tests="2" name="Test" time="3.414" errors="0" timestamp="31 May 2024 16:39:01 GMT">
  <testcase classname="TestCases.BankManagerlogintestcases" name="loginasBankManager" time="3.394"/>
  <testcase classname="TestCases.AddCustomerTest" name="addcustomer" time="0.0">
    <failure type="org.testng.TestNGException" message="
Method public void TestCases.AddCustomerTest.addcustomer(java.lang.String,java.lang.String,java.lang.String) requires a @DataProvider named : getData">
      <![CDATA[org.testng.TestNGException: 
Method public void TestCases.AddCustomerTest.addcustomer(java.lang.String,java.lang.String,java.lang.String) requires a @DataProvider named : getData
... Removed 22 stack frames]]>
    </failure>
  </testcase> <!-- addcustomer -->
</testsuite> <!-- Test -->
