<?xml version="1.0" encoding="UTF-8"?>
<testng-results ignored="0" total="2" passed="1" failed="1" skipped="0">
  <reporter-output>
  </reporter-output>
  <suite started-at="2024-05-31T16:38:57Z" name="Suite" finished-at="2024-05-31T16:39:01Z" duration-ms="3414">
    <groups>
    </groups>
    <test started-at="2024-05-31T16:38:57Z" name="Test" finished-at="2024-05-31T16:39:01Z" duration-ms="3414">
      <class name="TestCases.AddCustomerTest">
        <test-method signature="addcustomer(java.lang.String, java.lang.String, java.lang.String)[pri:0, instance:TestCases.AddCustomerTest@4b8729ff]" started-at="2024-05-31T16:39:01Z" name="addcustomer" data-provider="getData" finished-at="2024-05-31T16:39:01Z" duration-ms="0" status="FAIL">
          <exception class="org.testng.TestNGException">
            <message>
              <![CDATA[
Method public void TestCases.AddCustomerTest.addcustomer(java.lang.String,java.lang.String,java.lang.String) requires a @DataProvider named : getData]]>
            </message>
            <full-stacktrace>
              <![CDATA[org.testng.TestNGException: 
Method public void TestCases.AddCustomerTest.addcustomer(java.lang.String,java.lang.String,java.lang.String) requires a @DataProvider named : getData
at org.testng.internal.Parameters.findDataProvider(Parameters.java:513)
at org.testng.internal.Parameters.handleParameters(Parameters.java:691)
at org.testng.internal.ParameterHandler.handleParameters(ParameterHandler.java:49)
at org.testng.internal.ParameterHandler.createParameters(ParameterHandler.java:37)
at org.testng.internal.Invoker.invokeTestMethods(Invoker.java:924)
at org.testng.internal.TestMethodWorker.invokeTestMethods(TestMethodWorker.java:125)
at org.testng.internal.TestMethodWorker.run(TestMethodWorker.java:109)
at org.testng.TestRunner.privateRun(TestRunner.java:648)
at org.testng.TestRunner.run(TestRunner.java:505)
at org.testng.SuiteRunner.runTest(SuiteRunner.java:455)
at org.testng.SuiteRunner.runSequentially(SuiteRunner.java:450)
at org.testng.SuiteRunner.privateRun(SuiteRunner.java:415)
at org.testng.SuiteRunner.run(SuiteRunner.java:364)
at org.testng.SuiteRunnerWorker.runSuite(SuiteRunnerWorker.java:52)
at org.testng.SuiteRunnerWorker.run(SuiteRunnerWorker.java:84)
at org.testng.TestNG.runSuitesSequentially(TestNG.java:1208)
at org.testng.TestNG.runSuitesLocally(TestNG.java:1137)
at org.testng.TestNG.runSuites(TestNG.java:1049)
at org.testng.TestNG.run(TestNG.java:1017)
at org.testng.remote.AbstractRemoteTestNG.run(AbstractRemoteTestNG.java:115)
at org.testng.remote.RemoteTestNG.initAndRun(RemoteTestNG.java:251)
at org.testng.remote.RemoteTestNG.main(RemoteTestNG.java:77)
]]>
            </full-stacktrace>
          </exception> <!-- org.testng.TestNGException -->
          <reporter-output>
          </reporter-output>
        </test-method> <!-- addcustomer -->
      </class> <!-- TestCases.AddCustomerTest -->
      <class name="TestCases.BankManagerlogintestcases">
        <test-method is-config="true" signature="setup()[pri:0, instance:TestCases.BankManagerlogintestcases@45efd90f]" started-at="2024-05-31T16:38:37Z" name="setup" finished-at="2024-05-31T16:38:57Z" duration-ms="20578" status="PASS">
          <reporter-output>
          </reporter-output>
        </test-method> <!-- setup -->
        <test-method signature="loginasBankManager()[pri:0, instance:TestCases.BankManagerlogintestcases@45efd90f]" started-at="2024-05-31T16:38:57Z" name="loginasBankManager" finished-at="2024-05-31T16:39:01Z" duration-ms="3394" status="PASS">
          <reporter-output>
          </reporter-output>
        </test-method> <!-- loginasBankManager -->
        <test-method is-config="true" signature="teardown()[pri:0, instance:TestCases.BankManagerlogintestcases@45efd90f]" started-at="2024-05-31T16:39:01Z" name="teardown" finished-at="2024-05-31T16:39:01Z" duration-ms="80" status="PASS">
          <reporter-output>
          </reporter-output>
        </test-method> <!-- teardown -->
      </class> <!-- TestCases.BankManagerlogintestcases -->
    </test> <!-- Test -->
  </suite> <!-- Suite -->
</testng-results>
